<?xml version="1.0" encoding="UTF-8"?>
<testsuites name="SimulasiKredit" time="89.246" tests="1" failures="0" errors="0">
   <testsuite name="SimulasiKredit" tests="1" failures="0" errors="0" time="89.246" skipped="0" timestamp="10-05-2024T13:28:53" hostname="clarien cahyono - LAPTOP-JTB6QV1G" id="Test Suites/SimulasiKredit">
      <properties>
         <property name="deviceName" value="emulator-5554 (sdk_gphone_x86_64 - Android 13)"/>
         <property name="devicePlatform" value=""/>
         <property name="logFolder" value="D:\\BCAF\\kkbsk-priority-17\\Reports\\20240510_132850\\SimulasiKredit\\20240510_132850"/>
         <property name="logFiles" value="D:\\BCAF\\kkbsk-priority-17\\Reports\\20240510_132850\\SimulasiKredit\\20240510_132850\\appium.log, D:\\BCAF\\kkbsk-priority-17\\Reports\\20240510_132850\\SimulasiKredit\\20240510_132850\\appium_error.log, D:\\BCAF\\kkbsk-priority-17\\Reports\\20240510_132850\\SimulasiKredit\\20240510_132850\\execution0.log"/>
         <property name="attachments" value="D:\BCAF\kkbsk-priority-17\Screenshots\SimulasiKredit/1/Input Data.png, D:\\BCAF\\kkbsk-priority-17\\Reports\\20240510_132850\\SimulasiKredit\\20240510_132850\\1715322596079.png, D:\\BCAF\\kkbsk-priority-17\\Reports\\20240510_132850\\SimulasiKredit\\20240510_132850\\1715322596678.png, D:\\BCAF\\kkbsk-priority-17\\Reports\\20240510_132850\\SimulasiKredit\\20240510_132850\\1715322598065.png, D:\\BCAF\\kkbsk-priority-17\\Reports\\20240510_132850\\SimulasiKredit\\20240510_132850\\1715322598581.png, D:\BCAF\kkbsk-priority-17\Screenshots\SimulasiKredit/1/Input Harga Kendaraan.png, D:\\BCAF\\kkbsk-priority-17\\Reports\\20240510_132850\\SimulasiKredit\\20240510_132850\\1715322607676.png, D:\\BCAF\\kkbsk-priority-17\\Reports\\20240510_132850\\SimulasiKredit\\20240510_132850\\1715322618142.png"/>
         <property name="hostName" value="clarien cahyono - LAPTOP-JTB6QV1G"/>
         <property name="os" value="Windows 11 64bit"/>
         <property name="appiumServerStatus" value="{&quot;value&quot;:{&quot;ready&quot;:true,&quot;message&quot;:&quot;The server is ready to accept new connections&quot;,&quot;build&quot;:{&quot;version&quot;:&quot;2.5.0&quot;}}}"/>
         <property name="katalonVersion" value="9.3.0.212"/>
         <property name="deviceOS" value="Android"/>
         <property name="appiumVersion" value="2.5.0"/>
         <property name="deviceModel" value="sdk_gphone_x86_64"/>
         <property name="hostAddress" value="10.10.13.99"/>
         <property name="deviceManufacturer" value="Google"/>
         <property name="deviceId" value="emulator-5554"/>
         <property name="deviceName" value="emulator-5554 (sdk_gphone_x86_64 - Android 13)"/>
         <property name="deviceOSVersion" value="13"/>
      </properties>
      <testcase name="Test Cases/KKBSKM Mobile Simulasi/Simulasi_Kredit" time="88.956" classname="Test Cases/KKBSKM Mobile Simulasi/Simulasi_Kredit" status="PASSED">
         <system-out><![CDATA[10-05-2024T13:28:54 - [TEST_CASE][PASSED] - Test Cases/KKBSKM Mobile Simulasi/Simulasi_Kredit: Test Cases/KKBSKM Mobile Simulasi/Simulasi_Kredit

10-05-2024T13:28:55 - [TEST_STEP][PASSED] - baseDir = System.getProperty("user.dir"): null

10-05-2024T13:28:55 - [TEST_STEP][PASSED] - packageName = "bcaf.crm.kkb.saleskit": null

10-05-2024T13:28:55 - [TEST_STEP][PASSED] - startExistingApplication(packageName): Starting app with application ID: 'bcaf.crm.kkb.saleskit'

10-05-2024T13:28:55 - [MESSAGE][INFO] - Detected NodeJS location: "C:\Program Files\nodejs\node.exe"

10-05-2024T13:29:06 - [MESSAGE][INFO] - PATH: C:\Program Files\nodejs;

10-05-2024T13:29:06 - [MESSAGE][INFO] - APPIUM_HOME: C:\Users\clarien cahyono\.appium

10-05-2024T13:29:06 - [MESSAGE][INFO] - appium outlog: D:\BCAF\kkbsk-priority-17\Reports\20240510_132850\SimulasiKredit\20240510_132850\appium.log

10-05-2024T13:29:06 - [MESSAGE][INFO] - appium errlog: D:\BCAF\kkbsk-priority-17\Reports\20240510_132850\SimulasiKredit\20240510_132850\appium_error.log

10-05-2024T13:29:09 - [MESSAGE][INFO] - Appium server started on port 64,160

10-05-2024T13:29:18 - [MESSAGE][PASSED] - Starting app with application ID: 'bcaf.crm.kkb.saleskit'

10-05-2024T13:29:18 - [TEST_STEP][PASSED] - driver = getDriver(): null

10-05-2024T13:29:18 - [TEST_STEP][PASSED] - id = "bcaf.crm.kkb.saleskit:id": null

10-05-2024T13:29:18 - [TEST_STEP][PASSED] - tap(findTestObject("Object Repository/xpath", ["xpath":"//androidx.recyclerview.widget.RecyclerView[1]/android.view.ViewGroup[1]"]), 0, STOP_ON_FAILURE): Tapped on element 'Object Repository/xpath'

10-05-2024T13:29:18 - [MESSAGE][WARNING] - Timeout '0' is invalid. Using default page load timeout: '30'

10-05-2024T13:29:21 - [MESSAGE][PASSED] - Tapped on element 'Object Repository/xpath'

10-05-2024T13:29:21 - [TEST_STEP][PASSED] - tap(findTestObject("Object Repository/xpath", ["xpath"://*[@resource-id = '$id/jenisProgram']]), 0): Tapped on element 'Object Repository/xpath'

10-05-2024T13:29:21 - [MESSAGE][WARNING] - Timeout '0' is invalid. Using default page load timeout: '30'

10-05-2024T13:29:21 - [MESSAGE][PASSED] - Tapped on element 'Object Repository/xpath'

10-05-2024T13:29:21 - [TEST_STEP][PASSED] - tap(findTestObject("Object Repository/xpath", ["xpath"://*[@class = 'android.widget.CheckedTextView' and (@text = '$Program')]]), 0): Tapped on element 'Object Repository/xpath'

10-05-2024T13:29:21 - [MESSAGE][WARNING] - Timeout '0' is invalid. Using default page load timeout: '30'

10-05-2024T13:29:23 - [MESSAGE][PASSED] - Tapped on element 'Object Repository/xpath'

10-05-2024T13:29:23 - [TEST_STEP][PASSED] - tap(findTestObject("Object Repository/xpath", ["xpath"://*[@resource-id = '$id/jenisPembiayaan']]), 0): Tapped on element 'Object Repository/xpath'

10-05-2024T13:29:23 - [MESSAGE][WARNING] - Timeout '0' is invalid. Using default page load timeout: '30'

10-05-2024T13:29:23 - [MESSAGE][PASSED] - Tapped on element 'Object Repository/xpath'

10-05-2024T13:29:23 - [TEST_STEP][PASSED] - tap(findTestObject("Object Repository/xpath", ["xpath"://*[@class = 'android.widget.CheckedTextView' and (@text = '$JenisPembiayaan')]]), 0): Tapped on element 'Object Repository/xpath'

10-05-2024T13:29:23 - [MESSAGE][WARNING] - Timeout '0' is invalid. Using default page load timeout: '30'

10-05-2024T13:29:26 - [MESSAGE][PASSED] - Tapped on element 'Object Repository/xpath'

10-05-2024T13:29:26 - [TEST_STEP][PASSED] - tap(findTestObject("Object Repository/xpath", ["xpath"://*[@resource-id = '$id/tipeKonsumen']]), 0): Tapped on element 'Object Repository/xpath'

10-05-2024T13:29:26 - [MESSAGE][WARNING] - Timeout '0' is invalid. Using default page load timeout: '30'

10-05-2024T13:29:27 - [MESSAGE][PASSED] - Tapped on element 'Object Repository/xpath'

10-05-2024T13:29:27 - [TEST_STEP][PASSED] - tap(findTestObject("Object Repository/xpath", ["xpath"://*[@class = 'android.widget.CheckedTextView' and (@text = '$TipeKonsumen')]]), 0): Tapped on element 'Object Repository/xpath'

10-05-2024T13:29:27 - [MESSAGE][WARNING] - Timeout '0' is invalid. Using default page load timeout: '30'

10-05-2024T13:29:28 - [MESSAGE][PASSED] - Tapped on element 'Object Repository/xpath'

10-05-2024T13:29:28 - [TEST_STEP][PASSED] - switch (NPWP): null

10-05-2024T13:29:28 - [TEST_STEP][PASSED] - case "Yes":: null

10-05-2024T13:29:28 - [TEST_STEP][PASSED] - tap(findTestObject("Object Repository/xpath", ["xpath"://*[@resource-id = '$id/npwpY']]), 0): Tapped on element 'Object Repository/xpath'

10-05-2024T13:29:28 - [MESSAGE][WARNING] - Timeout '0' is invalid. Using default page load timeout: '30'

10-05-2024T13:29:29 - [MESSAGE][PASSED] - Tapped on element 'Object Repository/xpath'

10-05-2024T13:29:29 - [TEST_STEP][PASSED] - break: null

10-05-2024T13:29:29 - [TEST_STEP][PASSED] - tap(findTestObject("Object Repository/xpath", ["xpath"://*[@resource-id = '$id/cluster']]), 0): Tapped on element 'Object Repository/xpath'

10-05-2024T13:29:29 - [MESSAGE][WARNING] - Timeout '0' is invalid. Using default page load timeout: '30'

10-05-2024T13:29:30 - [MESSAGE][PASSED] - Tapped on element 'Object Repository/xpath'

10-05-2024T13:29:30 - [TEST_STEP][PASSED] - tap(findTestObject("Object Repository/xpath", ["xpath"://*[@class = 'android.widget.CheckedTextView' and (@text = '$Cluster')]]), 0): Tapped on element 'Object Repository/xpath'

10-05-2024T13:29:30 - [MESSAGE][WARNING] - Timeout '0' is invalid. Using default page load timeout: '30'

10-05-2024T13:29:32 - [MESSAGE][PASSED] - Tapped on element 'Object Repository/xpath'

10-05-2024T13:29:32 - [TEST_STEP][PASSED] - tap(findTestObject("Object Repository/xpath", ["xpath"://*[@resource-id = '$id/tujuanPenggunaan']]), 0): Tapped on element 'Object Repository/xpath'

10-05-2024T13:29:32 - [MESSAGE][WARNING] - Timeout '0' is invalid. Using default page load timeout: '30'

10-05-2024T13:29:33 - [MESSAGE][PASSED] - Tapped on element 'Object Repository/xpath'

10-05-2024T13:29:33 - [TEST_STEP][PASSED] - tap(findTestObject("Object Repository/xpath", ["xpath"://*[@class = 'android.widget.CheckedTextView' and (@text = '$TujuanPenggunaan')]]), 0): Tapped on element 'Object Repository/xpath'

10-05-2024T13:29:33 - [MESSAGE][WARNING] - Timeout '0' is invalid. Using default page load timeout: '30'

10-05-2024T13:29:34 - [MESSAGE][PASSED] - Tapped on element 'Object Repository/xpath'

10-05-2024T13:29:34 - [TEST_STEP][PASSED] - takeScreenshot(baseDir + screenshotPathKredit + "/" + No + "/" + "Input Data" + ".png", STOP_ON_FAILURE): Screenshot is taken

10-05-2024T13:29:35 - [MESSAGE][PASSED] - Screenshot is taken
[[ATTACHMENT|D:\BCAF\kkbsk-priority-17\Screenshots\SimulasiKredit/1/Input Data.png]]

10-05-2024T13:29:35 - [TEST_STEP][PASSED] - tap(findTestObject("Object Repository/xpath", ["xpath"://*[@resource-id = '$id/nextSimKredit']]), 0): Tapped on element 'Object Repository/xpath'

10-05-2024T13:29:35 - [MESSAGE][WARNING] - Timeout '0' is invalid. Using default page load timeout: '30'

10-05-2024T13:29:36 - [MESSAGE][PASSED] - Tapped on element 'Object Repository/xpath'

10-05-2024T13:29:36 - [TEST_STEP][PASSED] - tap(findTestObject("Object Repository/xpath", ["xpath"://*[@resource-id = '$id/hargaKendaraan']]), 0): Tapped on element 'Object Repository/xpath'

10-05-2024T13:29:36 - [MESSAGE][WARNING] - Timeout '0' is invalid. Using default page load timeout: '30'

10-05-2024T13:29:38 - [MESSAGE][PASSED] - Tapped on element 'Object Repository/xpath'

10-05-2024T13:29:38 - [TEST_STEP][PASSED] - HargaKendaraan = HargaKendaraan: null

10-05-2024T13:29:38 - [TEST_STEP][PASSED] - for ([i = 0, i < HargaKendaraan.length(), (i++)]): null

10-05-2024T13:29:38 - [TEST_STEP][PASSED] - digit = HargaKendaraan.charAt(i): null

10-05-2024T13:29:38 - [TEST_STEP][PASSED] - keyCode = Character.getNumericValue(digit) + 7: null

10-05-2024T13:29:38 - [TEST_STEP][PASSED] - driver.pressKeyCode(keyCode): null

10-05-2024T13:29:38 - [TEST_STEP][PASSED] - digit = HargaKendaraan.charAt(i): null

10-05-2024T13:29:38 - [TEST_STEP][PASSED] - keyCode = Character.getNumericValue(digit) + 7: null

10-05-2024T13:29:38 - [TEST_STEP][PASSED] - driver.pressKeyCode(keyCode): null

10-05-2024T13:29:39 - [TEST_STEP][PASSED] - digit = HargaKendaraan.charAt(i): null

10-05-2024T13:29:39 - [TEST_STEP][PASSED] - keyCode = Character.getNumericValue(digit) + 7: null

10-05-2024T13:29:39 - [TEST_STEP][PASSED] - driver.pressKeyCode(keyCode): null

10-05-2024T13:29:39 - [TEST_STEP][PASSED] - digit = HargaKendaraan.charAt(i): null

10-05-2024T13:29:39 - [TEST_STEP][PASSED] - keyCode = Character.getNumericValue(digit) + 7: null

10-05-2024T13:29:39 - [TEST_STEP][PASSED] - driver.pressKeyCode(keyCode): null

10-05-2024T13:29:40 - [TEST_STEP][PASSED] - digit = HargaKendaraan.charAt(i): null

10-05-2024T13:29:40 - [TEST_STEP][PASSED] - keyCode = Character.getNumericValue(digit) + 7: null

10-05-2024T13:29:40 - [TEST_STEP][PASSED] - driver.pressKeyCode(keyCode): null

10-05-2024T13:29:41 - [TEST_STEP][PASSED] - digit = HargaKendaraan.charAt(i): null

10-05-2024T13:29:41 - [TEST_STEP][PASSED] - keyCode = Character.getNumericValue(digit) + 7: null

10-05-2024T13:29:41 - [TEST_STEP][PASSED] - driver.pressKeyCode(keyCode): null

10-05-2024T13:29:41 - [TEST_STEP][PASSED] - digit = HargaKendaraan.charAt(i): null

10-05-2024T13:29:41 - [TEST_STEP][PASSED] - keyCode = Character.getNumericValue(digit) + 7: null

10-05-2024T13:29:41 - [TEST_STEP][PASSED] - driver.pressKeyCode(keyCode): null

10-05-2024T13:29:42 - [TEST_STEP][PASSED] - digit = HargaKendaraan.charAt(i): null

10-05-2024T13:29:42 - [TEST_STEP][PASSED] - keyCode = Character.getNumericValue(digit) + 7: null

10-05-2024T13:29:42 - [TEST_STEP][PASSED] - driver.pressKeyCode(keyCode): null

10-05-2024T13:29:43 - [TEST_STEP][PASSED] - digit = HargaKendaraan.charAt(i): null

10-05-2024T13:29:43 - [TEST_STEP][PASSED] - keyCode = Character.getNumericValue(digit) + 7: null

10-05-2024T13:29:43 - [TEST_STEP][PASSED] - driver.pressKeyCode(keyCode): null

10-05-2024T13:29:43 - [TEST_STEP][PASSED] - tap(findTestObject("Object Repository/xpath", ["xpath"://*[@resource-id = '$id/uangMukaPercent']]), 0): Tapped on element 'Object Repository/xpath'

10-05-2024T13:29:43 - [MESSAGE][WARNING] - Timeout '0' is invalid. Using default page load timeout: '30'

10-05-2024T13:29:45 - [MESSAGE][PASSED] - Tapped on element 'Object Repository/xpath'

10-05-2024T13:29:45 - [TEST_STEP][PASSED] - DP = DP: null

10-05-2024T13:29:45 - [TEST_STEP][PASSED] - for ([i = 0, i < DP.length(), (i++)]): null

10-05-2024T13:29:45 - [TEST_STEP][PASSED] - digit = DP.charAt(i): null

10-05-2024T13:29:45 - [TEST_STEP][PASSED] - keyCode = Character.getNumericValue(digit) + 7: null

10-05-2024T13:29:45 - [TEST_STEP][PASSED] - driver.pressKeyCode(keyCode): null

10-05-2024T13:29:45 - [TEST_STEP][PASSED] - digit = DP.charAt(i): null

10-05-2024T13:29:45 - [TEST_STEP][PASSED] - keyCode = Character.getNumericValue(digit) + 7: null

10-05-2024T13:29:45 - [TEST_STEP][PASSED] - driver.pressKeyCode(keyCode): null

10-05-2024T13:29:45 - [TEST_STEP][PASSED] - tap(findTestObject("Object Repository/xpath", ["xpath"://*[@resource-id = '$id/jenisKendaraan']]), 0): Tapped on element 'Object Repository/xpath'

10-05-2024T13:29:45 - [MESSAGE][WARNING] - Timeout '0' is invalid. Using default page load timeout: '30'

10-05-2024T13:29:46 - [MESSAGE][PASSED] - Tapped on element 'Object Repository/xpath'

10-05-2024T13:29:46 - [TEST_STEP][PASSED] - tap(findTestObject("Object Repository/xpath", ["xpath"://*[@class = 'android.widget.CheckedTextView' and (@text = '$JenisKendaraan')]]), 0): Tapped on element 'Object Repository/xpath'

10-05-2024T13:29:46 - [MESSAGE][WARNING] - Timeout '0' is invalid. Using default page load timeout: '30'

10-05-2024T13:29:49 - [MESSAGE][PASSED] - Tapped on element 'Object Repository/xpath'

10-05-2024T13:29:49 - [TEST_STEP][PASSED] - Wilayah = Wilayah: null

10-05-2024T13:29:49 - [TEST_STEP][PASSED] - if (Wilayah == "1"): null

10-05-2024T13:29:49 - [TEST_STEP][PASSED] - Wilayah = "Sumatra dan Sekitarnya": null

10-05-2024T13:29:49 - [TEST_STEP][PASSED] - tap(findTestObject("Object Repository/xpath", ["xpath"://*[@resource-id = '$id/wilayah']]), 0): Tapped on element 'Object Repository/xpath'

10-05-2024T13:29:49 - [MESSAGE][WARNING] - Timeout '0' is invalid. Using default page load timeout: '30'

10-05-2024T13:29:50 - [MESSAGE][PASSED] - Tapped on element 'Object Repository/xpath'

10-05-2024T13:29:50 - [TEST_STEP][PASSED] - tap(findTestObject("Object Repository/xpath", ["xpath"://*[@class = 'android.widget.CheckedTextView' and (@text = '$Wilayah')]]), 0): Tapped on element 'Object Repository/xpath'

10-05-2024T13:29:50 - [MESSAGE][WARNING] - Timeout '0' is invalid. Using default page load timeout: '30'

10-05-2024T13:29:51 - [MESSAGE][PASSED] - Tapped on element 'Object Repository/xpath'

10-05-2024T13:29:51 - [TEST_STEP][PASSED] - tap(findTestObject("Object Repository/xpath", ["xpath"://*[@resource-id = '$id/asuransi']]), 0): Tapped on element 'Object Repository/xpath'

10-05-2024T13:29:51 - [MESSAGE][WARNING] - Timeout '0' is invalid. Using default page load timeout: '30'

10-05-2024T13:29:52 - [MESSAGE][PASSED] - Tapped on element 'Object Repository/xpath'

10-05-2024T13:29:52 - [TEST_STEP][PASSED] - tap(findTestObject("Object Repository/xpath", ["xpath"://*[@class = 'android.widget.CheckedTextView' and (@text = '$Asuransi')]]), 0): Tapped on element 'Object Repository/xpath'

10-05-2024T13:29:52 - [MESSAGE][WARNING] - Timeout '0' is invalid. Using default page load timeout: '30'

10-05-2024T13:29:54 - [MESSAGE][PASSED] - Tapped on element 'Object Repository/xpath'

10-05-2024T13:29:54 - [TEST_STEP][PASSED] - mapPerluasanAsuransi = ["RSCC":"checkRSCC", "TJH 10 JT":"checkTJH10", "TJH 25 JT":"checkTJH25", "RSMB":"checkRSMB", "TJH 50 JT":"checkTJH50"]: null

10-05-2024T13:29:54 - [TEST_STEP][PASSED] - uncheckAllCheckboxes(): null

10-05-2024T13:29:54 - [TEST_STEP][FAILED] - ["checkRSCC", "checkRSMB", "checkTJH10", "checkTJH25", "checkTJH50"].each({ java.lang.Object resourceId -> ... }): Failed to verify if element 'Object Repository/xpath' is checked (Root cause: com.kms.katalon.core.exception.StepFailedException: Failed to verify if element 'Object Repository/xpath' is checked
	at com.kms.katalon.core.mobile.keyword.internal.MobileKeywordMain.stepFailed(MobileKeywordMain.groovy:38)
	at com.kms.katalon.core.mobile.keyword.internal.MobileKeywordMain.runKeyword(MobileKeywordMain.groovy:21)
	at com.kms.katalon.core.mobile.keyword.builtin.VerifyElementCheckedKeyword.verifyElementChecked(VerifyElementCheckedKeyword.groovy:46)
	at com.kms.katalon.core.mobile.keyword.builtin.VerifyElementCheckedKeyword.execute(VerifyElementCheckedKeyword.groovy:33)
	at com.kms.katalon.core.keyword.internal.KeywordExecutor.executeKeywordForPlatform(KeywordExecutor.groovy:74)
	at com.kms.katalon.core.mobile.keyword.MobileBuiltInKeywords.verifyElementChecked(MobileBuiltInKeywords.groovy:2494)
	at Script1714461900876$_uncheckAllCheckboxes_closure3.doCall(Script1714461900876.groovy:136)
	at java.base/jdk.internal.reflect.NativeMethodAccessorImpl.invoke0(Native Method)
	at java.base/jdk.internal.reflect.NativeMethodAccessorImpl.invoke(NativeMethodAccessorImpl.java:77)
	at java.base/jdk.internal.reflect.DelegatingMethodAccessorImpl.invoke(DelegatingMethodAccessorImpl.java:43)
	at Simulasi_Kredit.uncheckAllCheckboxes(Simulasi_Kredit:131)
	at Simulasi_Kredit.run(Simulasi_Kredit:145)
	at com.kms.katalon.core.main.ScriptEngine.run(ScriptEngine.java:194)
	at com.kms.katalon.core.main.ScriptEngine.runScriptAsRawText(ScriptEngine.java:119)
	at com.kms.katalon.core.main.TestCaseExecutor.runScript(TestCaseExecutor.java:448)
	at com.kms.katalon.core.main.TestCaseExecutor.doExecute(TestCaseExecutor.java:439)
	at com.kms.katalon.core.main.TestCaseExecutor.processExecutionPhase(TestCaseExecutor.java:418)
	at com.kms.katalon.core.main.TestCaseExecutor.accessMainPhase(TestCaseExecutor.java:410)
	at com.kms.katalon.core.main.TestCaseExecutor.execute(TestCaseExecutor.java:285)
	at com.kms.katalon.core.common.CommonExecutor.accessTestCaseMainPhase(CommonExecutor.java:65)
	at com.kms.katalon.core.main.TestSuiteExecutor.accessTestSuiteMainPhase(TestSuiteExecutor.java:148)
	at com.kms.katalon.core.main.TestSuiteExecutor.execute(TestSuiteExecutor.java:106)
	at com.kms.katalon.core.main.TestCaseMain.startTestSuite(TestCaseMain.java:180)
	at TempTestSuite1715322530671.run(TempTestSuite1715322530671.groovy:36)
	at java.base/jdk.internal.reflect.NativeMethodAccessorImpl.invoke0(Native Method)
	at java.base/jdk.internal.reflect.NativeMethodAccessorImpl.invoke(NativeMethodAccessorImpl.java:77)
	at java.base/jdk.internal.reflect.DelegatingMethodAccessorImpl.invoke(DelegatingMethodAccessorImpl.java:43)
Caused by: com.kms.katalon.core.exception.StepFailedException: Element 'Object Repository/xpath' is not checked
	at com.kms.katalon.core.mobile.keyword.internal.MobileKeywordMain.stepFailed(MobileKeywordMain.groovy:38)
	at com.kms.katalon.core.mobile.keyword.builtin.VerifyElementCheckedKeyword$_verifyElementChecked_closure1.doCall(VerifyElementCheckedKeyword.groovy:43)
	at com.kms.katalon.core.mobile.keyword.builtin.VerifyElementCheckedKeyword$_verifyElementChecked_closure1.call(VerifyElementCheckedKeyword.groovy)
	at com.kms.katalon.core.mobile.keyword.internal.MobileKeywordMain.runKeyword(MobileKeywordMain.groovy:19)
	... 25 more
)

10-05-2024T13:29:54 - [MESSAGE][WARNING] - Timeout '0' is invalid. Using default page load timeout: '30'

10-05-2024T13:29:54 - [MESSAGE][PASSED] - Element 'Object Repository/xpath' is checked

10-05-2024T13:29:54 - [MESSAGE][WARNING] - Timeout '0' is invalid. Using default page load timeout: '30'

10-05-2024T13:29:54 - [MESSAGE][PASSED] - Tapped on element 'Object Repository/xpath'

10-05-2024T13:29:54 - [MESSAGE][WARNING] - Timeout '0' is invalid. Using default page load timeout: '30'

10-05-2024T13:29:55 - [MESSAGE][PASSED] - Element 'Object Repository/xpath' is checked

10-05-2024T13:29:55 - [MESSAGE][WARNING] - Timeout '0' is invalid. Using default page load timeout: '30'

10-05-2024T13:29:55 - [MESSAGE][PASSED] - Tapped on element 'Object Repository/xpath'

10-05-2024T13:29:55 - [MESSAGE][WARNING] - Timeout '0' is invalid. Using default page load timeout: '30'

10-05-2024T13:29:56 - [MESSAGE][FAILED] - Element 'Object Repository/xpath' is not checked (Root cause: com.kms.katalon.core.exception.StepFailedException: Element 'Object Repository/xpath' is not checked
	at com.kms.katalon.core.mobile.keyword.internal.MobileKeywordMain.stepFailed(MobileKeywordMain.groovy:38)
	at com.kms.katalon.core.mobile.keyword.builtin.VerifyElementCheckedKeyword$_verifyElementChecked_closure1.doCall(VerifyElementCheckedKeyword.groovy:43)
	at com.kms.katalon.core.mobile.keyword.builtin.VerifyElementCheckedKeyword$_verifyElementChecked_closure1.call(VerifyElementCheckedKeyword.groovy)
	at com.kms.katalon.core.mobile.keyword.internal.MobileKeywordMain.runKeyword(MobileKeywordMain.groovy:19)
	at com.kms.katalon.core.mobile.keyword.builtin.VerifyElementCheckedKeyword.verifyElementChecked(VerifyElementCheckedKeyword.groovy:46)
	at com.kms.katalon.core.mobile.keyword.builtin.VerifyElementCheckedKeyword.execute(VerifyElementCheckedKeyword.groovy:33)
	at com.kms.katalon.core.keyword.internal.KeywordExecutor.executeKeywordForPlatform(KeywordExecutor.groovy:74)
	at com.kms.katalon.core.mobile.keyword.MobileBuiltInKeywords.verifyElementChecked(MobileBuiltInKeywords.groovy:2494)
	at Script1714461900876$_uncheckAllCheckboxes_closure3.doCall(Script1714461900876.groovy:136)
	at java.base/jdk.internal.reflect.NativeMethodAccessorImpl.invoke0(Native Method)
	at java.base/jdk.internal.reflect.NativeMethodAccessorImpl.invoke(NativeMethodAccessorImpl.java:77)
	at java.base/jdk.internal.reflect.DelegatingMethodAccessorImpl.invoke(DelegatingMethodAccessorImpl.java:43)
	at Simulasi_Kredit.uncheckAllCheckboxes(Simulasi_Kredit:131)
	at Simulasi_Kredit.run(Simulasi_Kredit:145)
	at com.kms.katalon.core.main.ScriptEngine.run(ScriptEngine.java:194)
	at com.kms.katalon.core.main.ScriptEngine.runScriptAsRawText(ScriptEngine.java:119)
	at com.kms.katalon.core.main.TestCaseExecutor.runScript(TestCaseExecutor.java:448)
	at com.kms.katalon.core.main.TestCaseExecutor.doExecute(TestCaseExecutor.java:439)
	at com.kms.katalon.core.main.TestCaseExecutor.processExecutionPhase(TestCaseExecutor.java:418)
	at com.kms.katalon.core.main.TestCaseExecutor.accessMainPhase(TestCaseExecutor.java:410)
	at com.kms.katalon.core.main.TestCaseExecutor.execute(TestCaseExecutor.java:285)
	at com.kms.katalon.core.common.CommonExecutor.accessTestCaseMainPhase(CommonExecutor.java:65)
	at com.kms.katalon.core.main.TestSuiteExecutor.accessTestSuiteMainPhase(TestSuiteExecutor.java:148)
	at com.kms.katalon.core.main.TestSuiteExecutor.execute(TestSuiteExecutor.java:106)
	at com.kms.katalon.core.main.TestCaseMain.startTestSuite(TestCaseMain.java:180)
	at TempTestSuite1715322530671.run(TempTestSuite1715322530671.groovy:36)
	at java.base/jdk.internal.reflect.NativeMethodAccessorImpl.invoke0(Native Method)
	at java.base/jdk.internal.reflect.NativeMethodAccessorImpl.invoke(NativeMethodAccessorImpl.java:77)
	at java.base/jdk.internal.reflect.DelegatingMethodAccessorImpl.invoke(DelegatingMethodAccessorImpl.java:43)
)
[[ATTACHMENT|D:\\BCAF\\kkbsk-priority-17\\Reports\\20240510_132850\\SimulasiKredit\\20240510_132850\\1715322596079.png]]

10-05-2024T13:29:57 - [MESSAGE][FAILED] - Failed to verify if element 'Object Repository/xpath' is checked (Root cause: com.kms.katalon.core.exception.StepFailedException: Failed to verify if element 'Object Repository/xpath' is checked
	at com.kms.katalon.core.mobile.keyword.internal.MobileKeywordMain.stepFailed(MobileKeywordMain.groovy:38)
	at com.kms.katalon.core.mobile.keyword.internal.MobileKeywordMain.runKeyword(MobileKeywordMain.groovy:21)
	at com.kms.katalon.core.mobile.keyword.builtin.VerifyElementCheckedKeyword.verifyElementChecked(VerifyElementCheckedKeyword.groovy:46)
	at com.kms.katalon.core.mobile.keyword.builtin.VerifyElementCheckedKeyword.execute(VerifyElementCheckedKeyword.groovy:33)
	at com.kms.katalon.core.keyword.internal.KeywordExecutor.executeKeywordForPlatform(KeywordExecutor.groovy:74)
	at com.kms.katalon.core.mobile.keyword.MobileBuiltInKeywords.verifyElementChecked(MobileBuiltInKeywords.groovy:2494)
	at Script1714461900876$_uncheckAllCheckboxes_closure3.doCall(Script1714461900876.groovy:136)
	at java.base/jdk.internal.reflect.NativeMethodAccessorImpl.invoke0(Native Method)
	at java.base/jdk.internal.reflect.NativeMethodAccessorImpl.invoke(NativeMethodAccessorImpl.java:77)
	at java.base/jdk.internal.reflect.DelegatingMethodAccessorImpl.invoke(DelegatingMethodAccessorImpl.java:43)
	at Simulasi_Kredit.uncheckAllCheckboxes(Simulasi_Kredit:131)
	at Simulasi_Kredit.run(Simulasi_Kredit:145)
	at com.kms.katalon.core.main.ScriptEngine.run(ScriptEngine.java:194)
	at com.kms.katalon.core.main.ScriptEngine.runScriptAsRawText(ScriptEngine.java:119)
	at com.kms.katalon.core.main.TestCaseExecutor.runScript(TestCaseExecutor.java:448)
	at com.kms.katalon.core.main.TestCaseExecutor.doExecute(TestCaseExecutor.java:439)
	at com.kms.katalon.core.main.TestCaseExecutor.processExecutionPhase(TestCaseExecutor.java:418)
	at com.kms.katalon.core.main.TestCaseExecutor.accessMainPhase(TestCaseExecutor.java:410)
	at com.kms.katalon.core.main.TestCaseExecutor.execute(TestCaseExecutor.java:285)
	at com.kms.katalon.core.common.CommonExecutor.accessTestCaseMainPhase(CommonExecutor.java:65)
	at com.kms.katalon.core.main.TestSuiteExecutor.accessTestSuiteMainPhase(TestSuiteExecutor.java:148)
	at com.kms.katalon.core.main.TestSuiteExecutor.execute(TestSuiteExecutor.java:106)
	at com.kms.katalon.core.main.TestCaseMain.startTestSuite(TestCaseMain.java:180)
	at TempTestSuite1715322530671.run(TempTestSuite1715322530671.groovy:36)
	at java.base/jdk.internal.reflect.NativeMethodAccessorImpl.invoke0(Native Method)
	at java.base/jdk.internal.reflect.NativeMethodAccessorImpl.invoke(NativeMethodAccessorImpl.java:77)
	at java.base/jdk.internal.reflect.DelegatingMethodAccessorImpl.invoke(DelegatingMethodAccessorImpl.java:43)
Caused by: com.kms.katalon.core.exception.StepFailedException: Element 'Object Repository/xpath' is not checked
	at com.kms.katalon.core.mobile.keyword.internal.MobileKeywordMain.stepFailed(MobileKeywordMain.groovy:38)
	at com.kms.katalon.core.mobile.keyword.builtin.VerifyElementCheckedKeyword$_verifyElementChecked_closure1.doCall(VerifyElementCheckedKeyword.groovy:43)
	at com.kms.katalon.core.mobile.keyword.builtin.VerifyElementCheckedKeyword$_verifyElementChecked_closure1.call(VerifyElementCheckedKeyword.groovy)
	at com.kms.katalon.core.mobile.keyword.internal.MobileKeywordMain.runKeyword(MobileKeywordMain.groovy:19)
	... 25 more
)
[[ATTACHMENT|D:\\BCAF\\kkbsk-priority-17\\Reports\\20240510_132850\\SimulasiKredit\\20240510_132850\\1715322596678.png]]

10-05-2024T13:29:57 - [MESSAGE][WARNING] - Timeout '0' is invalid. Using default page load timeout: '30'

10-05-2024T13:29:57 - [MESSAGE][PASSED] - Element 'Object Repository/xpath' is checked

10-05-2024T13:29:57 - [MESSAGE][WARNING] - Timeout '0' is invalid. Using default page load timeout: '30'

10-05-2024T13:29:57 - [MESSAGE][PASSED] - Tapped on element 'Object Repository/xpath'

10-05-2024T13:29:57 - [MESSAGE][WARNING] - Timeout '0' is invalid. Using default page load timeout: '30'

10-05-2024T13:29:58 - [MESSAGE][FAILED] - Element 'Object Repository/xpath' is not checked (Root cause: com.kms.katalon.core.exception.StepFailedException: Element 'Object Repository/xpath' is not checked
	at com.kms.katalon.core.mobile.keyword.internal.MobileKeywordMain.stepFailed(MobileKeywordMain.groovy:38)
	at com.kms.katalon.core.mobile.keyword.builtin.VerifyElementCheckedKeyword$_verifyElementChecked_closure1.doCall(VerifyElementCheckedKeyword.groovy:43)
	at com.kms.katalon.core.mobile.keyword.builtin.VerifyElementCheckedKeyword$_verifyElementChecked_closure1.call(VerifyElementCheckedKeyword.groovy)
	at com.kms.katalon.core.mobile.keyword.internal.MobileKeywordMain.runKeyword(MobileKeywordMain.groovy:19)
	at com.kms.katalon.core.mobile.keyword.builtin.VerifyElementCheckedKeyword.verifyElementChecked(VerifyElementCheckedKeyword.groovy:46)
	at com.kms.katalon.core.mobile.keyword.builtin.VerifyElementCheckedKeyword.execute(VerifyElementCheckedKeyword.groovy:33)
	at com.kms.katalon.core.keyword.internal.KeywordExecutor.executeKeywordForPlatform(KeywordExecutor.groovy:74)
	at com.kms.katalon.core.mobile.keyword.MobileBuiltInKeywords.verifyElementChecked(MobileBuiltInKeywords.groovy:2494)
	at Script1714461900876$_uncheckAllCheckboxes_closure3.doCall(Script1714461900876.groovy:136)
	at java.base/jdk.internal.reflect.NativeMethodAccessorImpl.invoke0(Native Method)
	at java.base/jdk.internal.reflect.NativeMethodAccessorImpl.invoke(NativeMethodAccessorImpl.java:77)
	at java.base/jdk.internal.reflect.DelegatingMethodAccessorImpl.invoke(DelegatingMethodAccessorImpl.java:43)
	at Simulasi_Kredit.uncheckAllCheckboxes(Simulasi_Kredit:131)
	at Simulasi_Kredit.run(Simulasi_Kredit:145)
	at com.kms.katalon.core.main.ScriptEngine.run(ScriptEngine.java:194)
	at com.kms.katalon.core.main.ScriptEngine.runScriptAsRawText(ScriptEngine.java:119)
	at com.kms.katalon.core.main.TestCaseExecutor.runScript(TestCaseExecutor.java:448)
	at com.kms.katalon.core.main.TestCaseExecutor.doExecute(TestCaseExecutor.java:439)
	at com.kms.katalon.core.main.TestCaseExecutor.processExecutionPhase(TestCaseExecutor.java:418)
	at com.kms.katalon.core.main.TestCaseExecutor.accessMainPhase(TestCaseExecutor.java:410)
	at com.kms.katalon.core.main.TestCaseExecutor.execute(TestCaseExecutor.java:285)
	at com.kms.katalon.core.common.CommonExecutor.accessTestCaseMainPhase(CommonExecutor.java:65)
	at com.kms.katalon.core.main.TestSuiteExecutor.accessTestSuiteMainPhase(TestSuiteExecutor.java:148)
	at com.kms.katalon.core.main.TestSuiteExecutor.execute(TestSuiteExecutor.java:106)
	at com.kms.katalon.core.main.TestCaseMain.startTestSuite(TestCaseMain.java:180)
	at TempTestSuite1715322530671.run(TempTestSuite1715322530671.groovy:36)
	at java.base/jdk.internal.reflect.NativeMethodAccessorImpl.invoke0(Native Method)
	at java.base/jdk.internal.reflect.NativeMethodAccessorImpl.invoke(NativeMethodAccessorImpl.java:77)
	at java.base/jdk.internal.reflect.DelegatingMethodAccessorImpl.invoke(DelegatingMethodAccessorImpl.java:43)
)
[[ATTACHMENT|D:\\BCAF\\kkbsk-priority-17\\Reports\\20240510_132850\\SimulasiKredit\\20240510_132850\\1715322598065.png]]

10-05-2024T13:29:59 - [MESSAGE][FAILED] - Failed to verify if element 'Object Repository/xpath' is checked (Root cause: com.kms.katalon.core.exception.StepFailedException: Failed to verify if element 'Object Repository/xpath' is checked
	at com.kms.katalon.core.mobile.keyword.internal.MobileKeywordMain.stepFailed(MobileKeywordMain.groovy:38)
	at com.kms.katalon.core.mobile.keyword.internal.MobileKeywordMain.runKeyword(MobileKeywordMain.groovy:21)
	at com.kms.katalon.core.mobile.keyword.builtin.VerifyElementCheckedKeyword.verifyElementChecked(VerifyElementCheckedKeyword.groovy:46)
	at com.kms.katalon.core.mobile.keyword.builtin.VerifyElementCheckedKeyword.execute(VerifyElementCheckedKeyword.groovy:33)
	at com.kms.katalon.core.keyword.internal.KeywordExecutor.executeKeywordForPlatform(KeywordExecutor.groovy:74)
	at com.kms.katalon.core.mobile.keyword.MobileBuiltInKeywords.verifyElementChecked(MobileBuiltInKeywords.groovy:2494)
	at Script1714461900876$_uncheckAllCheckboxes_closure3.doCall(Script1714461900876.groovy:136)
	at java.base/jdk.internal.reflect.NativeMethodAccessorImpl.invoke0(Native Method)
	at java.base/jdk.internal.reflect.NativeMethodAccessorImpl.invoke(NativeMethodAccessorImpl.java:77)
	at java.base/jdk.internal.reflect.DelegatingMethodAccessorImpl.invoke(DelegatingMethodAccessorImpl.java:43)
	at Simulasi_Kredit.uncheckAllCheckboxes(Simulasi_Kredit:131)
	at Simulasi_Kredit.run(Simulasi_Kredit:145)
	at com.kms.katalon.core.main.ScriptEngine.run(ScriptEngine.java:194)
	at com.kms.katalon.core.main.ScriptEngine.runScriptAsRawText(ScriptEngine.java:119)
	at com.kms.katalon.core.main.TestCaseExecutor.runScript(TestCaseExecutor.java:448)
	at com.kms.katalon.core.main.TestCaseExecutor.doExecute(TestCaseExecutor.java:439)
	at com.kms.katalon.core.main.TestCaseExecutor.processExecutionPhase(TestCaseExecutor.java:418)
	at com.kms.katalon.core.main.TestCaseExecutor.accessMainPhase(TestCaseExecutor.java:410)
	at com.kms.katalon.core.main.TestCaseExecutor.execute(TestCaseExecutor.java:285)
	at com.kms.katalon.core.common.CommonExecutor.accessTestCaseMainPhase(CommonExecutor.java:65)
	at com.kms.katalon.core.main.TestSuiteExecutor.accessTestSuiteMainPhase(TestSuiteExecutor.java:148)
	at com.kms.katalon.core.main.TestSuiteExecutor.execute(TestSuiteExecutor.java:106)
	at com.kms.katalon.core.main.TestCaseMain.startTestSuite(TestCaseMain.java:180)
	at TempTestSuite1715322530671.run(TempTestSuite1715322530671.groovy:36)
	at java.base/jdk.internal.reflect.NativeMethodAccessorImpl.invoke0(Native Method)
	at java.base/jdk.internal.reflect.NativeMethodAccessorImpl.invoke(NativeMethodAccessorImpl.java:77)
	at java.base/jdk.internal.reflect.DelegatingMethodAccessorImpl.invoke(DelegatingMethodAccessorImpl.java:43)
Caused by: com.kms.katalon.core.exception.StepFailedException: Element 'Object Repository/xpath' is not checked
	at com.kms.katalon.core.mobile.keyword.internal.MobileKeywordMain.stepFailed(MobileKeywordMain.groovy:38)
	at com.kms.katalon.core.mobile.keyword.builtin.VerifyElementCheckedKeyword$_verifyElementChecked_closure1.doCall(VerifyElementCheckedKeyword.groovy:43)
	at com.kms.katalon.core.mobile.keyword.builtin.VerifyElementCheckedKeyword$_verifyElementChecked_closure1.call(VerifyElementCheckedKeyword.groovy)
	at com.kms.katalon.core.mobile.keyword.internal.MobileKeywordMain.runKeyword(MobileKeywordMain.groovy:19)
	... 25 more
)
[[ATTACHMENT|D:\\BCAF\\kkbsk-priority-17\\Reports\\20240510_132850\\SimulasiKredit\\20240510_132850\\1715322598581.png]]

10-05-2024T13:29:59 - [TEST_STEP][PASSED] - switch (RSCC): null

10-05-2024T13:29:59 - [TEST_STEP][PASSED] - case "1":: null

10-05-2024T13:29:59 - [TEST_STEP][PASSED] - tap(findTestObject("Object Repository/xpath", ["xpath"://*[@resource-id = '$id/checkRSCC']]), 0): Tapped on element 'Object Repository/xpath'

10-05-2024T13:29:59 - [MESSAGE][WARNING] - Timeout '0' is invalid. Using default page load timeout: '30'

10-05-2024T13:29:59 - [MESSAGE][PASSED] - Tapped on element 'Object Repository/xpath'

10-05-2024T13:29:59 - [TEST_STEP][PASSED] - break: null

10-05-2024T13:29:59 - [TEST_STEP][PASSED] - switch (RSMB): null

10-05-2024T13:29:59 - [TEST_STEP][PASSED] - case "1":: null

10-05-2024T13:29:59 - [TEST_STEP][PASSED] - tap(findTestObject("Object Repository/xpath", ["xpath"://*[@resource-id = '$id/checkRSMB']]), 0): Tapped on element 'Object Repository/xpath'

10-05-2024T13:29:59 - [MESSAGE][WARNING] - Timeout '0' is invalid. Using default page load timeout: '30'

10-05-2024T13:29:59 - [MESSAGE][PASSED] - Tapped on element 'Object Repository/xpath'

10-05-2024T13:29:59 - [TEST_STEP][PASSED] - break: null

10-05-2024T13:29:59 - [TEST_STEP][PASSED] - switch (TJH): null

10-05-2024T13:29:59 - [TEST_STEP][PASSED] - case "10":: null

10-05-2024T13:29:59 - [TEST_STEP][PASSED] - tap(findTestObject("Object Repository/xpath", ["xpath"://*[@resource-id = '$id/checkTJH10']]), 0): Tapped on element 'Object Repository/xpath'

10-05-2024T13:29:59 - [MESSAGE][WARNING] - Timeout '0' is invalid. Using default page load timeout: '30'

10-05-2024T13:30:00 - [MESSAGE][PASSED] - Tapped on element 'Object Repository/xpath'

10-05-2024T13:30:00 - [TEST_STEP][PASSED] - break: null

10-05-2024T13:30:00 - [TEST_STEP][PASSED] - takeScreenshot(baseDir + screenshotPathKredit + "/" + No + "/" + "Input Harga Kendaraan" + ".png", STOP_ON_FAILURE): Screenshot is taken

10-05-2024T13:30:01 - [MESSAGE][PASSED] - Screenshot is taken
[[ATTACHMENT|D:\BCAF\kkbsk-priority-17\Screenshots\SimulasiKredit/1/Input Harga Kendaraan.png]]

10-05-2024T13:30:01 - [TEST_STEP][PASSED] - tap(findTestObject("Object Repository/xpath", ["xpath"://*[@resource-id = '$id/kalkulasi']]), 0): Tapped on element 'Object Repository/xpath'

10-05-2024T13:30:01 - [MESSAGE][WARNING] - Timeout '0' is invalid. Using default page load timeout: '30'

10-05-2024T13:30:02 - [MESSAGE][PASSED] - Tapped on element 'Object Repository/xpath'

10-05-2024T13:30:02 - [TEST_STEP][PASSED] - delay(3): Delayed 3 second(s)

10-05-2024T13:30:05 - [MESSAGE][PASSED] - Delayed 3 second(s)

10-05-2024T13:30:05 - [TEST_STEP][PASSED] - if (verifyElementExist(findTestObject("Object Repository/xpath", ["xpath"://*[@resource-id = '$id/btDownload']]), 2, OPTIONAL)): Element 'Object Repository/xpath' not found (Root cause: com.kms.katalon.core.exception.StepFailedException: Element 'Object Repository/xpath' not found
	at com.kms.katalon.core.mobile.keyword.internal.MobileKeywordMain.stepFailed(MobileKeywordMain.groovy:38)
	at com.kms.katalon.core.mobile.keyword.builtin.VerifyElementExistKeyword$_verifyElementExist_closure1.doCall(VerifyElementExistKeyword.groovy:48)
	at com.kms.katalon.core.mobile.keyword.builtin.VerifyElementExistKeyword$_verifyElementExist_closure1.call(VerifyElementExistKeyword.groovy)
	at com.kms.katalon.core.mobile.keyword.internal.MobileKeywordMain.runKeyword(MobileKeywordMain.groovy:19)
	at com.kms.katalon.core.mobile.keyword.builtin.VerifyElementExistKeyword.verifyElementExist(VerifyElementExistKeyword.groovy:51)
	at com.kms.katalon.core.mobile.keyword.builtin.VerifyElementExistKeyword.execute(VerifyElementExistKeyword.groovy:35)
	at com.kms.katalon.core.keyword.internal.KeywordExecutor.executeKeywordForPlatform(KeywordExecutor.groovy:74)
	at com.kms.katalon.core.mobile.keyword.MobileBuiltInKeywords.verifyElementExist(MobileBuiltInKeywords.groovy:1739)
	at Simulasi_Kredit.run(Simulasi_Kredit:186)
	at com.kms.katalon.core.main.ScriptEngine.run(ScriptEngine.java:194)
	at com.kms.katalon.core.main.ScriptEngine.runScriptAsRawText(ScriptEngine.java:119)
	at com.kms.katalon.core.main.TestCaseExecutor.runScript(TestCaseExecutor.java:448)
	at com.kms.katalon.core.main.TestCaseExecutor.doExecute(TestCaseExecutor.java:439)
	at com.kms.katalon.core.main.TestCaseExecutor.processExecutionPhase(TestCaseExecutor.java:418)
	at com.kms.katalon.core.main.TestCaseExecutor.accessMainPhase(TestCaseExecutor.java:410)
	at com.kms.katalon.core.main.TestCaseExecutor.execute(TestCaseExecutor.java:285)
	at com.kms.katalon.core.common.CommonExecutor.accessTestCaseMainPhase(CommonExecutor.java:65)
	at com.kms.katalon.core.main.TestSuiteExecutor.accessTestSuiteMainPhase(TestSuiteExecutor.java:148)
	at com.kms.katalon.core.main.TestSuiteExecutor.execute(TestSuiteExecutor.java:106)
	at com.kms.katalon.core.main.TestCaseMain.startTestSuite(TestCaseMain.java:180)
	at TempTestSuite1715322530671.run(TempTestSuite1715322530671.groovy:36)
	at java.base/jdk.internal.reflect.NativeMethodAccessorImpl.invoke0(Native Method)
	at java.base/jdk.internal.reflect.NativeMethodAccessorImpl.invoke(NativeMethodAccessorImpl.java:77)
	at java.base/jdk.internal.reflect.DelegatingMethodAccessorImpl.invoke(DelegatingMethodAccessorImpl.java:43)
)

10-05-2024T13:30:08 - [MESSAGE][WARNING] - Element 'Object Repository/xpath' not found (Root cause: com.kms.katalon.core.exception.StepFailedException: Element 'Object Repository/xpath' not found
	at com.kms.katalon.core.mobile.keyword.internal.MobileKeywordMain.stepFailed(MobileKeywordMain.groovy:38)
	at com.kms.katalon.core.mobile.keyword.builtin.VerifyElementExistKeyword$_verifyElementExist_closure1.doCall(VerifyElementExistKeyword.groovy:48)
	at com.kms.katalon.core.mobile.keyword.builtin.VerifyElementExistKeyword$_verifyElementExist_closure1.call(VerifyElementExistKeyword.groovy)
	at com.kms.katalon.core.mobile.keyword.internal.MobileKeywordMain.runKeyword(MobileKeywordMain.groovy:19)
	at com.kms.katalon.core.mobile.keyword.builtin.VerifyElementExistKeyword.verifyElementExist(VerifyElementExistKeyword.groovy:51)
	at com.kms.katalon.core.mobile.keyword.builtin.VerifyElementExistKeyword.execute(VerifyElementExistKeyword.groovy:35)
	at com.kms.katalon.core.keyword.internal.KeywordExecutor.executeKeywordForPlatform(KeywordExecutor.groovy:74)
	at com.kms.katalon.core.mobile.keyword.MobileBuiltInKeywords.verifyElementExist(MobileBuiltInKeywords.groovy:1739)
	at Simulasi_Kredit.run(Simulasi_Kredit:186)
	at com.kms.katalon.core.main.ScriptEngine.run(ScriptEngine.java:194)
	at com.kms.katalon.core.main.ScriptEngine.runScriptAsRawText(ScriptEngine.java:119)
	at com.kms.katalon.core.main.TestCaseExecutor.runScript(TestCaseExecutor.java:448)
	at com.kms.katalon.core.main.TestCaseExecutor.doExecute(TestCaseExecutor.java:439)
	at com.kms.katalon.core.main.TestCaseExecutor.processExecutionPhase(TestCaseExecutor.java:418)
	at com.kms.katalon.core.main.TestCaseExecutor.accessMainPhase(TestCaseExecutor.java:410)
	at com.kms.katalon.core.main.TestCaseExecutor.execute(TestCaseExecutor.java:285)
	at com.kms.katalon.core.common.CommonExecutor.accessTestCaseMainPhase(CommonExecutor.java:65)
	at com.kms.katalon.core.main.TestSuiteExecutor.accessTestSuiteMainPhase(TestSuiteExecutor.java:148)
	at com.kms.katalon.core.main.TestSuiteExecutor.execute(TestSuiteExecutor.java:106)
	at com.kms.katalon.core.main.TestCaseMain.startTestSuite(TestCaseMain.java:180)
	at TempTestSuite1715322530671.run(TempTestSuite1715322530671.groovy:36)
	at java.base/jdk.internal.reflect.NativeMethodAccessorImpl.invoke0(Native Method)
	at java.base/jdk.internal.reflect.NativeMethodAccessorImpl.invoke(NativeMethodAccessorImpl.java:77)
	at java.base/jdk.internal.reflect.DelegatingMethodAccessorImpl.invoke(DelegatingMethodAccessorImpl.java:43)
)
[[ATTACHMENT|D:\\BCAF\\kkbsk-priority-17\\Reports\\20240510_132850\\SimulasiKredit\\20240510_132850\\1715322607676.png]]

10-05-2024T13:30:08 - [TEST_STEP][PASSED] - tap(findTestObject("Object Repository/xpath", ["xpath":"//android.widget.HorizontalScrollView[1]/android.widget.LinearLayout[1]/android.widget.LinearLayout[2]"]), 0): Tapped on element 'Object Repository/xpath'

10-05-2024T13:30:08 - [MESSAGE][WARNING] - Timeout '0' is invalid. Using default page load timeout: '30'

10-05-2024T13:30:13 - [MESSAGE][PASSED] - Tapped on element 'Object Repository/xpath'

10-05-2024T13:30:13 - [TEST_STEP][PASSED] - delay(1): Delayed 1 second(s)

10-05-2024T13:30:14 - [MESSAGE][PASSED] - Delayed 1 second(s)

10-05-2024T13:30:14 - [TEST_STEP][PASSED] - waitForElementPresent(findTestObject("Object Repository/xpath", ["xpath"://*[@resource-id = '$id/btDownload']]), 2, CONTINUE_ON_FAILURE): Object Object Repository/xpath not found

10-05-2024T13:30:16 - [MESSAGE][WARNING] - Object Object Repository/xpath not found

10-05-2024T13:30:16 - [TEST_STEP][PASSED] - if (verifyElementVisible(findTestObject("Object Repository/xpath", ["xpath"://*[@resource-id = '$id/btDownload']]), 2, OPTIONAL)): Element 'Object Repository/xpath' not found (Root cause: com.kms.katalon.core.exception.StepFailedException: Element 'Object Repository/xpath' not found
	at com.kms.katalon.core.mobile.keyword.internal.MobileKeywordMain.stepFailed(MobileKeywordMain.groovy:38)
	at com.kms.katalon.core.mobile.keyword.builtin.VerifyElementVisibleKeyword$_verifyElementVisible_closure1.doCall(VerifyElementVisibleKeyword.groovy:53)
	at com.kms.katalon.core.mobile.keyword.builtin.VerifyElementVisibleKeyword$_verifyElementVisible_closure1.call(VerifyElementVisibleKeyword.groovy)
	at com.kms.katalon.core.mobile.keyword.internal.MobileKeywordMain.runKeyword(MobileKeywordMain.groovy:19)
	at com.kms.katalon.core.mobile.keyword.builtin.VerifyElementVisibleKeyword.verifyElementVisible(VerifyElementVisibleKeyword.groovy:56)
	at com.kms.katalon.core.mobile.keyword.builtin.VerifyElementVisibleKeyword.execute(VerifyElementVisibleKeyword.groovy:35)
	at com.kms.katalon.core.keyword.internal.KeywordExecutor.executeKeywordForPlatform(KeywordExecutor.groovy:74)
	at com.kms.katalon.core.mobile.keyword.MobileBuiltInKeywords.verifyElementVisible(MobileBuiltInKeywords.groovy:2015)
	at Simulasi_Kredit.run(Simulasi_Kredit:228)
	at com.kms.katalon.core.main.ScriptEngine.run(ScriptEngine.java:194)
	at com.kms.katalon.core.main.ScriptEngine.runScriptAsRawText(ScriptEngine.java:119)
	at com.kms.katalon.core.main.TestCaseExecutor.runScript(TestCaseExecutor.java:448)
	at com.kms.katalon.core.main.TestCaseExecutor.doExecute(TestCaseExecutor.java:439)
	at com.kms.katalon.core.main.TestCaseExecutor.processExecutionPhase(TestCaseExecutor.java:418)
	at com.kms.katalon.core.main.TestCaseExecutor.accessMainPhase(TestCaseExecutor.java:410)
	at com.kms.katalon.core.main.TestCaseExecutor.execute(TestCaseExecutor.java:285)
	at com.kms.katalon.core.common.CommonExecutor.accessTestCaseMainPhase(CommonExecutor.java:65)
	at com.kms.katalon.core.main.TestSuiteExecutor.accessTestSuiteMainPhase(TestSuiteExecutor.java:148)
	at com.kms.katalon.core.main.TestSuiteExecutor.execute(TestSuiteExecutor.java:106)
	at com.kms.katalon.core.main.TestCaseMain.startTestSuite(TestCaseMain.java:180)
	at TempTestSuite1715322530671.run(TempTestSuite1715322530671.groovy:36)
	at java.base/jdk.internal.reflect.NativeMethodAccessorImpl.invoke0(Native Method)
	at java.base/jdk.internal.reflect.NativeMethodAccessorImpl.invoke(NativeMethodAccessorImpl.java:77)
	at java.base/jdk.internal.reflect.DelegatingMethodAccessorImpl.invoke(DelegatingMethodAccessorImpl.java:43)
)

10-05-2024T13:30:18 - [MESSAGE][WARNING] - Element 'Object Repository/xpath' not found (Root cause: com.kms.katalon.core.exception.StepFailedException: Element 'Object Repository/xpath' not found
	at com.kms.katalon.core.mobile.keyword.internal.MobileKeywordMain.stepFailed(MobileKeywordMain.groovy:38)
	at com.kms.katalon.core.mobile.keyword.builtin.VerifyElementVisibleKeyword$_verifyElementVisible_closure1.doCall(VerifyElementVisibleKeyword.groovy:53)
	at com.kms.katalon.core.mobile.keyword.builtin.VerifyElementVisibleKeyword$_verifyElementVisible_closure1.call(VerifyElementVisibleKeyword.groovy)
	at com.kms.katalon.core.mobile.keyword.internal.MobileKeywordMain.runKeyword(MobileKeywordMain.groovy:19)
	at com.kms.katalon.core.mobile.keyword.builtin.VerifyElementVisibleKeyword.verifyElementVisible(VerifyElementVisibleKeyword.groovy:56)
	at com.kms.katalon.core.mobile.keyword.builtin.VerifyElementVisibleKeyword.execute(VerifyElementVisibleKeyword.groovy:35)
	at com.kms.katalon.core.keyword.internal.KeywordExecutor.executeKeywordForPlatform(KeywordExecutor.groovy:74)
	at com.kms.katalon.core.mobile.keyword.MobileBuiltInKeywords.verifyElementVisible(MobileBuiltInKeywords.groovy:2015)
	at Simulasi_Kredit.run(Simulasi_Kredit:228)
	at com.kms.katalon.core.main.ScriptEngine.run(ScriptEngine.java:194)
	at com.kms.katalon.core.main.ScriptEngine.runScriptAsRawText(ScriptEngine.java:119)
	at com.kms.katalon.core.main.TestCaseExecutor.runScript(TestCaseExecutor.java:448)
	at com.kms.katalon.core.main.TestCaseExecutor.doExecute(TestCaseExecutor.java:439)
	at com.kms.katalon.core.main.TestCaseExecutor.processExecutionPhase(TestCaseExecutor.java:418)
	at com.kms.katalon.core.main.TestCaseExecutor.accessMainPhase(TestCaseExecutor.java:410)
	at com.kms.katalon.core.main.TestCaseExecutor.execute(TestCaseExecutor.java:285)
	at com.kms.katalon.core.common.CommonExecutor.accessTestCaseMainPhase(CommonExecutor.java:65)
	at com.kms.katalon.core.main.TestSuiteExecutor.accessTestSuiteMainPhase(TestSuiteExecutor.java:148)
	at com.kms.katalon.core.main.TestSuiteExecutor.execute(TestSuiteExecutor.java:106)
	at com.kms.katalon.core.main.TestCaseMain.startTestSuite(TestCaseMain.java:180)
	at TempTestSuite1715322530671.run(TempTestSuite1715322530671.groovy:36)
	at java.base/jdk.internal.reflect.NativeMethodAccessorImpl.invoke0(Native Method)
	at java.base/jdk.internal.reflect.NativeMethodAccessorImpl.invoke(NativeMethodAccessorImpl.java:77)
	at java.base/jdk.internal.reflect.DelegatingMethodAccessorImpl.invoke(DelegatingMethodAccessorImpl.java:43)
)
[[ATTACHMENT|D:\\BCAF\\kkbsk-priority-17\\Reports\\20240510_132850\\SimulasiKredit\\20240510_132850\\1715322618142.png]]

10-05-2024T13:30:18 - [TEST_STEP][PASSED] - else: Tapped on element 'Object Repository/xpath'

10-05-2024T13:30:18 - [TEST_STEP][PASSED] - tap(findTestObject("Object Repository/xpath", ["xpath":"//android.widget.HorizontalScrollView[1]/android.widget.LinearLayout[1]/android.widget.LinearLayout[1]"]), 0): Tapped on element 'Object Repository/xpath'

10-05-2024T13:30:18 - [MESSAGE][WARNING] - Timeout '0' is invalid. Using default page load timeout: '30'

10-05-2024T13:30:18 - [MESSAGE][PASSED] - Tapped on element 'Object Repository/xpath'

10-05-2024T13:30:18 - [TEST_STEP][PASSED] - tap(findTestObject("Object Repository/xpath", ["xpath"://*[@resource-id = '$id/back']]), 0): Tapped on element 'Object Repository/xpath'

10-05-2024T13:30:18 - [MESSAGE][WARNING] - Timeout '0' is invalid. Using default page load timeout: '30'

10-05-2024T13:30:19 - [MESSAGE][PASSED] - Tapped on element 'Object Repository/xpath'

10-05-2024T13:30:19 - [TEST_STEP][PASSED] - delay(1): Delayed 1 second(s)

10-05-2024T13:30:20 - [MESSAGE][PASSED] - Delayed 1 second(s)

10-05-2024T13:30:20 - [TEST_STEP][PASSED] - tap(findTestObject("Object Repository/xpath", ["xpath"://*[@resource-id = '$id/back']]), 0): Tapped on element 'Object Repository/xpath'

10-05-2024T13:30:20 - [MESSAGE][WARNING] - Timeout '0' is invalid. Using default page load timeout: '30'

10-05-2024T13:30:22 - [MESSAGE][PASSED] - Tapped on element 'Object Repository/xpath'

10-05-2024T13:30:22 - [TEST_STEP][PASSED] - delay(1): Delayed 1 second(s)

10-05-2024T13:30:23 - [MESSAGE][PASSED] - Delayed 1 second(s)

10-05-2024T13:30:23 - [TEST_STEP][PASSED] - tap(findTestObject("Object Repository/xpath", ["xpath"://*[@resource-id = '$id/back']]), 0): Tapped on element 'Object Repository/xpath'

10-05-2024T13:30:23 - [MESSAGE][WARNING] - Timeout '0' is invalid. Using default page load timeout: '30'

10-05-2024T13:30:23 - [MESSAGE][PASSED] - Tapped on element 'Object Repository/xpath']]></system-out>
         <system-err><![CDATA[]]></system-err>
      </testcase>
      <system-out><![CDATA[10-05-2024T13:28:53 - [TEST_SUITE][PASSED] - SimulasiKredit: Test Cases/KKBSKM Mobile Simulasi/Simulasi_Kredit]]></system-out>
      <system-err><![CDATA[]]></system-err>
   </testsuite>
</testsuites>
